<?xml version="1.0" encoding="UTF-8"?>
<testsuite name="basicRestAssured.CreateProjectTest" tests="1" skipped="0" failures="0" errors="0" timestamp="2022-12-19T23:08:30" hostname="GONY" time="13.872">
  <properties/>
  <testcase name="verifyCreateProject()" classname="basicRestAssured.CreateProjectTest" time="13.872"/>
  <system-out><![CDATA[Request method:	POST
Request URI:	https://todo.ly/api/items.json
Proxy:			<none>
Request params:	<none>
Query params:	<none>
Form params:	<none>
Path params:	<none>
Headers:		Authorization=Basic Ym9vdEFQSUBib290QVBJLmNvbToxMjM0NQ==
				Accept=*/*
				Content-Type=text/plain; charset=ISO-8859-1
Cookies:		<none>
Multiparts:		<none>
Body:
{"Content":"New Itemmm"}
HTTP/1.1 200 OK
Cache-Control: no-cache, no-store, must-revalidate
Pragma: no-cache
Content-Type: application/json; charset=utf-8
Expires: -1
Server: Microsoft-IIS/8.0
Set-Cookie: ASP.NET_SessionId=shsiiiasex3vvlgxa44mwhif; path=/; HttpOnly; SameSite=Lax
X-AspNetMvc-Version: 2.0
X-AspNet-Version: 4.0.30319
X-Powered-By: ASP.NET
Date: Mon, 19 Dec 2022 23:08:23 GMT
Content-Length: 531

{
    "Id": 11094165,
    "Content": "New Itemmm",
    "ItemType": 1,
    "Checked": false,
    "ProjectId": null,
    "ParentId": null,
    "Path": "",
    "Collapsed": false,
    "DateString": null,
    "DateStringPriority": 0,
    "DueDate": "",
    "Recurrence": null,
    "ItemOrder": null,
    "Priority": 4,
    "LastSyncedDateTime": "/Date(1671491303010)/",
    "Children": [
        
    ],
    "DueDateTime": null,
    "CreatedDate": "/Date(1671491302993)/",
    "LastCheckedDate": null,
    "LastUpdatedDate": "/Date(1671491302993)/",
    "Deleted": false,
    "Notes": "",
    "InHistory": false,
    "SyncClientCreationId": null,
    "DueTimeSpecified": true,
    "OwnerId": 707341
}
Request method:	POST
Request URI:	https://todo.ly/api/items/11094165.json
Proxy:			<none>
Request params:	<none>
Query params:	<none>
Form params:	<none>
Path params:	<none>
Headers:		Authorization=Basic Ym9vdEFQSUBib290QVBJLmNvbToxMjM0NQ==
				Accept=*/*
				Content-Type=text/plain; charset=ISO-8859-1
Cookies:		<none>
Multiparts:		<none>
Body:
{"Content":"updateeeee"}
HTTP/1.1 200 OK
Cache-Control: no-cache, no-store, must-revalidate
Pragma: no-cache
Content-Type: application/json; charset=utf-8
Expires: -1
Server: Microsoft-IIS/8.0
Set-Cookie: ASP.NET_SessionId=0xbg00to5fpgzg1xj4pobe03; path=/; HttpOnly; SameSite=Lax
X-AspNetMvc-Version: 2.0
X-AspNet-Version: 4.0.30319
X-Powered-By: ASP.NET
Date: Mon, 19 Dec 2022 23:08:27 GMT
Content-Length: 531

{
    "Id": 11094165,
    "Content": "updateeeee",
    "ItemType": 1,
    "Checked": false,
    "ProjectId": null,
    "ParentId": null,
    "Path": "",
    "Collapsed": false,
    "DateString": null,
    "DateStringPriority": 0,
    "DueDate": "",
    "Recurrence": null,
    "ItemOrder": null,
    "Priority": 4,
    "LastSyncedDateTime": "/Date(1671491307315)/",
    "Children": [
        
    ],
    "DueDateTime": null,
    "CreatedDate": "/Date(1671491302993)/",
    "LastCheckedDate": null,
    "LastUpdatedDate": "/Date(1671491307300)/",
    "Deleted": false,
    "Notes": "",
    "InHistory": false,
    "SyncClientCreationId": null,
    "DueTimeSpecified": true,
    "OwnerId": 707341
}
Request method:	DELETE
Request URI:	https://todo.ly/api/items/11094165.json
Proxy:			<none>
Request params:	<none>
Query params:	<none>
Form params:	<none>
Path params:	<none>
Headers:		Authorization=Basic Ym9vdEFQSUBib290QVBJLmNvbToxMjM0NQ==
				Accept=*/*
				Content-Type=text/plain; charset=ISO-8859-1
Cookies:		<none>
Multiparts:		<none>
Body:
{"Content":"updateeeee"}
HTTP/1.1 200 OK
Cache-Control: no-cache, no-store, must-revalidate
Pragma: no-cache
Content-Type: application/json; charset=utf-8
Expires: -1
Server: Microsoft-IIS/8.0
Set-Cookie: ASP.NET_SessionId=rfaq1cd44yrgldkpk2zpug1d; path=/; HttpOnly; SameSite=Lax
X-AspNetMvc-Version: 2.0
X-AspNet-Version: 4.0.30319
X-Powered-By: ASP.NET
Date: Mon, 19 Dec 2022 23:08:28 GMT
Content-Length: 530

{
    "Id": 11094165,
    "Content": "updateeeee",
    "ItemType": 1,
    "Checked": false,
    "ProjectId": null,
    "ParentId": null,
    "Path": "",
    "Collapsed": false,
    "DateString": null,
    "DateStringPriority": 0,
    "DueDate": "",
    "Recurrence": null,
    "ItemOrder": null,
    "Priority": 4,
    "LastSyncedDateTime": "/Date(1671491308906)/",
    "Children": [
        
    ],
    "DueDateTime": null,
    "CreatedDate": "/Date(1671491302993)/",
    "LastCheckedDate": null,
    "LastUpdatedDate": "/Date(1671491308890)/",
    "Deleted": true,
    "Notes": "",
    "InHistory": false,
    "SyncClientCreationId": null,
    "DueTimeSpecified": true,
    "OwnerId": 707341
}
]]></system-out>
  <system-err><![CDATA[]]></system-err>
</testsuite>
